#
# A fatal error has been detected by the Java Runtime Environment:
#
#  EXCEPTION_ACCESS_VIOLATION (0xc0000005) at pc=0x00007ffa3885d1cc, pid=16620, tid=25220
#
# JRE version: OpenJDK Runtime Environment Corretto-20.0.2.10.1 (20.0.2.1+10) (build 20.0.2.1+10-FR)
# Java VM: OpenJDK 64-Bit Server VM Corretto-20.0.2.10.1 (20.0.2.1+10-FR, mixed mode, sharing, tiered, compressed oops, compressed class ptrs, g1 gc, windows-amd64)
# Problematic frame:
# C  [igxelpicd64.dll+0x30d1cc]
#
# No core dump will be written. Minidumps are not enabled by default on client versions of Windows
#
# If you would like to submit a bug report, please visit:
#   https://github.com/corretto/corretto-20/issues/
#

---------------  S U M M A R Y ------------

Command Line: -javaagent:C:\Program Files\JetBrains\IntelliJ IDEA Community Edition 2022.3.1\lib\idea_rt.jar=56202:C:\Program Files\JetBrains\IntelliJ IDEA Community Edition 2022.3.1\bin -Dfile.encoding=UTF-8 -Dsun.stdout.encoding=UTF-8 -Dsun.stderr.encoding=UTF-8 ShadowDance

Host: 11th Gen Intel(R) Core(TM) i7-11700 @ 2.50GHz, 16 cores, 15G,  Windows 10 , 64 bit Build 19041 (10.0.19041.3031)
Time: Fri Oct 13 13:51:05 2023 AUS Eastern Daylight Time elapsed time: 154.057244 seconds (0d 0h 2m 34s)

---------------  T H R E A D  ---------------

Current thread (0x000002a4c97e6580):  VMThread "VM Thread" [stack: 0x000000da9a500000,0x000000da9a600000] [id=25220]

Stack: [0x000000da9a500000,0x000000da9a600000],  sp=0x000000da9a5fe460,  free space=1017k
Native frames: (J=compiled Java code, j=interpreted, Vv=VM code, C=native code)
C  [igxelpicd64.dll+0x30d1cc]


siginfo: EXCEPTION_ACCESS_VIOLATION (0xc0000005), reading address 0x00000000000356f8


Registers:
RAX=0x000002a4ee5d66c8, RBX=0x000002a4ee0da0c0, RCX=0x0000000000000000, RDX=0x0000000000000001
RSP=0x000000da9a5fe460, RBP=0x0000000000000016, RSI=0x000002a4ee314b80, RDI=0x0000000000000000
R8 =0x0000000000000014, R9 =0x0000000000000000, R10=0x0000000000000000, R11=0x0000000000000246
R12=0x000002a4ee5d6b48, R13=0x0000000000000000, R14=0x000002a4ee5d6580, R15=0x0000000000000000
RIP=0x00007ffa3885d1cc, EFLAGS=0x0000000000010202


Register to memory mapping:

RIP=0x00007ffa3885d1cc igxelpicd64.dll
RAX=0x000002a4ee5d66c8 points into unknown readable memory: 0x00000000007fbff6 | f6 bf 7f 00 00 00 00 00
RBX=0x000002a4ee0da0c0 points into unknown readable memory: 0xffffffffffffffff | ff ff ff ff ff ff ff ff
RCX=0x0 is NULL
RDX=0x0000000000000001 is an unknown value
RSP=0x000000da9a5fe460 points into unknown readable memory: 0x000002a4ee0da0c0 | c0 a0 0d ee a4 02 00 00
RBP=0x0000000000000016 is an unknown value
RSI=0x000002a4ee314b80 points into unknown readable memory: 0x000002a4ee5d4501 | 01 45 5d ee a4 02 00 00
RDI=0x0 is NULL
R8 =0x0000000000000014 is an unknown value
R9 =0x0 is NULL
R10=0x0 is NULL
R11=0x0000000000000246 is an unknown value
R12=0x000002a4ee5d6b48 points into unknown readable memory: 0x000002a4f77efb20 | 20 fb 7e f7 a4 02 00 00
R13=0x0 is NULL
R14=0x000002a4ee5d6580 points into unknown readable memory: 0x000002a4ee17dbe0 | e0 db 17 ee a4 02 00 00
R15=0x0 is NULL


Top of Stack: (sp=0x000000da9a5fe460)
0x000000da9a5fe460:   000002a4ee0da0c0 00007ffae9bed4a9
0x000000da9a5fe470:   000000da9a5fe4f8 0000000000000000
0x000000da9a5fe480:   0000000000000054 000002a4ee0da0c0
0x000000da9a5fe490:   0000000000000000 00007ffaeaad0f34
0x000000da9a5fe4a0:   0000200100000000 00007ffa3859e41d
0x000000da9a5fe4b0:   000000007a000004 000002a4ee5681b8
0x000000da9a5fe4c0:   00000000007fc825 0000000000000000
0x000000da9a5fe4d0:   000000000000000e 0000000000000000
0x000000da9a5fe4e0:   0000000000000000 000000da9a5fe600
0x000000da9a5fe4f0:   000002a4ee314b80 00007ffa3873d62c
0x000000da9a5fe500:   000002a400000016 000002a4f77efb20
0x000000da9a5fe510:   000002a4ee567e00 000002a4ee533300
0x000000da9a5fe520:   000000da00000678 0000b80233c00000
0x000000da9a5fe530:   0000000000000000 00007ffaeaa819d1
0x000000da9a5fe540:   0000002800000000 0000800400006000
0x000000da9a5fe550:   00007ffae8303f8c 000002a4c7400000
0x000000da9a5fe560:   000000da9a5fe5a0 00007ffa3882da70
0x000000da9a5fe570:   000000da00000000 000000da9a5feaf8
0x000000da9a5fe580:   0000000000000000 0000000000000000
0x000000da9a5fe590:   0000000000000000 0000000000000000
0x000000da9a5fe5a0:   0000000000000000 00007ffa385eb9e7
0x000000da9a5fe5b0:   0000b80233c00000 0000000000000678
0x000000da9a5fe5c0:   0000000000000000 4000240000000001
0x000000da9a5fe5d0:   0000000000000000 0000000000000000
0x000000da9a5fe5e0:   0000000000000000 0000000000000000
0x000000da9a5fe5f0:   0000000000000000 0000000000000000
0x000000da9a5fe600:   0000000000000000 0000000000000000
0x000000da9a5fe610:   0000000000000000 0000000000000000
0x000000da9a5fe620:   0000000000000000 0000000000000000
0x000000da9a5fe630:   0000000000000000 0000000000000000
0x000000da9a5fe640:   0000000000000000 0000000000000000
0x000000da9a5fe650:   0000000000000000 0000000000000000 

Instructions: (pc=0x00007ffa3885d1cc)
0x00007ffa3885d0cc:   41 bf 20 00 00 00 48 8b 04 38 4d 8b 3c 07 0f b6
0x00007ffa3885d0dc:   bc 24 b0 00 00 00 4c 3b 3d 57 b4 c3 00 41 0f 44
0x00007ffa3885d0ec:   e9 89 ac 24 a0 00 00 00 48 85 c9 0f 84 d4 07 00
0x00007ffa3885d0fc:   00 0f 1f 00 4c 8b f1 4c 8d a1 c8 05 00 00 49 8b
0x00007ffa3885d10c:   04 24 48 89 84 24 a8 00 00 00 40 84 ff 74 10 48
0x00007ffa3885d11c:   8b d1 48 8b 09 e8 6a 46 ee ff e9 4f 07 00 00 8b
0x00007ffa3885d12c:   96 c8 01 00 00 48 8b 05 d8 97 b3 00 83 b8 64 03
0x00007ffa3885d13c:   00 00 02 0f 85 18 02 00 00 83 fa 10 73 0e 48 8d
0x00007ffa3885d14c:   42 04 48 8d 04 c2 48 8d 04 c1 eb 60 8d 4a f0 8b
0x00007ffa3885d15c:   c1 c1 e8 04 83 f8 03 73 1d 0f ae e8 83 e1 0f 4d
0x00007ffa3885d16c:   8b 84 c6 80 05 00 00 4d 85 c0 74 25 48 8d 0c c9
0x00007ffa3885d17c:   49 8d 04 c8 eb 36 49 8b 86 98 05 00 00 48 85 c0
0x00007ffa3885d18c:   74 0f 66 90 39 10 74 2f 48 8b 40 50 48 85 c0 75
0x00007ffa3885d19c:   f3 41 80 be a0 05 00 00 00 74 22 8b c2 83 e0 0f
0x00007ffa3885d1ac:   48 8d 04 c0 48 8d 40 20 49 8d 04 c6 48 85 c0 74
0x00007ffa3885d1bc:   0c 48 8b 48 08 eb 09 48 83 c0 08 eb ef 49 8b c9
0x00007ffa3885d1cc:   49 3b 8f f8 56 03 00 0f 86 84 01 00 00 83 fa 10
0x00007ffa3885d1dc:   73 0a 48 8d 42 04 48 8d 04 c2 eb 5c 8d 4a f0 8b
0x00007ffa3885d1ec:   c1 c1 e8 04 83 f8 03 73 1d 0f ae e8 83 e1 0f 4d
0x00007ffa3885d1fc:   8b 84 c6 80 05 00 00 4d 85 c0 74 25 48 8d 0c c9
0x00007ffa3885d20c:   49 8d 04 c8 eb 36 49 8b 86 98 05 00 00 48 85 c0
0x00007ffa3885d21c:   74 0f 66 90 39 10 74 2f 48 8b 40 50 48 85 c0 75
0x00007ffa3885d22c:   f3 41 80 be a0 05 00 00 00 74 22 8b c2 83 e0 0f
0x00007ffa3885d23c:   48 8d 04 c0 48 8d 40 20 49 8d 04 c6 48 85 c0 74
0x00007ffa3885d24c:   0c 48 8b 48 08 eb 09 48 83 c0 08 eb ef 49 8b c9
0x00007ffa3885d25c:   49 3b 8e 40 06 00 00 0f 86 f4 00 00 00 48 8b 86
0x00007ffa3885d26c:   78 02 00 00 49 89 04 24 4c 89 b6 78 02 00 00 ff
0x00007ffa3885d27c:   86 80 02 00 00 49 8b 46 08 48 8b 88 18 01 00 00
0x00007ffa3885d28c:   48 81 e1 00 00 ff ff 48 81 c1 00 00 01 00 48 01
0x00007ffa3885d29c:   8e 88 02 00 00 ba 01 00 00 00 49 8b 4e 08 e8 11
0x00007ffa3885d2ac:   8f d4 ff 48 01 86 98 02 00 00 85 ed 74 75 49 8b
0x00007ffa3885d2bc:   9f 58 4f 03 00 0f 57 c0 f3 0f 7f 44 24 30 c7 44 


Stack slot to memory mapping:
stack at sp + 0 slots: 0x000002a4ee0da0c0 points into unknown readable memory: 0xffffffffffffffff | ff ff ff ff ff ff ff ff
stack at sp + 1 slots: 0x00007ffae9bed4a9 USER32.dll
stack at sp + 2 slots: 0x000000da9a5fe4f8 points into unknown readable memory: 0x00007ffa3873d62c | 2c d6 73 38 fa 7f 00 00
stack at sp + 3 slots: 0x0 is NULL
stack at sp + 4 slots: 0x0000000000000054 is an unknown value
stack at sp + 5 slots: 0x000002a4ee0da0c0 points into unknown readable memory: 0xffffffffffffffff | ff ff ff ff ff ff ff ff
stack at sp + 6 slots: 0x0 is NULL
stack at sp + 7 slots: 0x00007ffaeaad0f34 ntdll.dll

VM_Operation (0x000000da99cfee70): Exit, mode: safepoint, requested by thread 0x000002a4e14ef4e0


---------------  P R O C E S S  ---------------

Threads class SMR info:
_java_thread_list=0x000002a4f76a88d0, length=15, elements={
0x000002a4c97c4980, 0x000002a4e14e49a0, 0x000002a4e14e54e0, 0x000002a4e14ee7e0,
0x000002a4e14f0a20, 0x000002a4e14f0f70, 0x000002a4e14f1f60, 0x000002a4e1503720,
0x000002a4e1506570, 0x000002a4e14f24b0, 0x000002a4e14eff80, 0x000002a4e14f1a10,
0x000002a4e14f2a00, 0x000002a4e14f14c0, 0x000002a4e14ef4e0
}

Java Threads: ( => current thread )
  0x000002a4c97c4980 JavaThread "main" [_thread_blocked, id=21360, stack(0x000000da99f00000,0x000000da9a000000)]
  0x000002a4e14e49a0 JavaThread "Reference Handler" daemon [_thread_blocked, id=28820, stack(0x000000da9a600000,0x000000da9a700000)]
  0x000002a4e14e54e0 JavaThread "Finalizer" daemon [_thread_blocked, id=28468, stack(0x000000da9a700000,0x000000da9a800000)]
  0x000002a4e14ee7e0 JavaThread "Signal Dispatcher" daemon [_thread_blocked, id=24064, stack(0x000000da9a800000,0x000000da9a900000)]
  0x000002a4e14f0a20 JavaThread "Attach Listener" daemon [_thread_blocked, id=21616, stack(0x000000da9a900000,0x000000da9aa00000)]
  0x000002a4e14f0f70 JavaThread "Service Thread" daemon [_thread_blocked, id=2576, stack(0x000000da9aa00000,0x000000da9ab00000)]
  0x000002a4e14f1f60 JavaThread "Monitor Deflation Thread" daemon [_thread_blocked, id=14112, stack(0x000000da9ab00000,0x000000da9ac00000)]
  0x000002a4e1503720 JavaThread "C2 CompilerThread0" daemon [_thread_blocked, id=28516, stack(0x000000da9ac00000,0x000000da9ad00000)]
  0x000002a4e1506570 JavaThread "C1 CompilerThread0" daemon [_thread_blocked, id=14680, stack(0x000000da9ad00000,0x000000da9ae00000)]
  0x000002a4e14f24b0 JavaThread "Common-Cleaner" daemon [_thread_blocked, id=21340, stack(0x000000da9ae00000,0x000000da9af00000)]
  0x000002a4e14eff80 JavaThread "Monitor Ctrl-Break" daemon [_thread_in_native, id=27920, stack(0x000000da9b300000,0x000000da9b400000)]
  0x000002a4e14f1a10 JavaThread "Notification Thread" daemon [_thread_blocked, id=25104, stack(0x000000da9b400000,0x000000da9b500000)]
  0x000002a4e14f2a00 JavaThread "Java Sound Event Dispatcher" daemon [_thread_blocked, id=14148, stack(0x000000da9b200000,0x000000da9b300000)]
  0x000002a4e14f14c0 JavaThread "Direct Clip" daemon [_thread_blocked, id=19036, stack(0x000000da9c000000,0x000000da9c100000)]
  0x000002a4e14ef4e0 JavaThread "SIGINT handler" daemon [_thread_blocked, id=12728, stack(0x000000da99c00000,0x000000da99d00000)]

Other Threads:
=>0x000002a4c97e6580 VMThread "VM Thread" [stack: 0x000000da9a500000,0x000000da9a600000] [id=25220]
  0x000002a4c97e5fe0 WorkerThread "GC Thread#0" [stack: 0x000000da9a000000,0x000000da9a100000] [id=10688]
  0x000002a4e9c340e0 WorkerThread "GC Thread#1" [stack: 0x000000da9af00000,0x000000da9b000000] [id=14560]
  0x000002a4e9c343b0 WorkerThread "GC Thread#2" [stack: 0x000000da9b000000,0x000000da9b100000] [id=25344]
  0x000002a4e9c33e10 WorkerThread "GC Thread#3" [stack: 0x000000da9c100000,0x000000da9c200000] [id=28604]
  0x000002a4e9c34680 WorkerThread "GC Thread#4" [stack: 0x000000da9c200000,0x000000da9c300000] [id=19964]
  0x000002a4e9c34950 WorkerThread "GC Thread#5" [stack: 0x000000da9c300000,0x000000da9c400000] [id=20704]
  0x000002a4e9c34c20 WorkerThread "GC Thread#6" [stack: 0x000000da9c400000,0x000000da9c500000] [id=5152]
  0x000002a4e9c33870 WorkerThread "GC Thread#7" [stack: 0x000000da9c500000,0x000000da9c600000] [id=28472]
  0x000002a4e9c34ef0 WorkerThread "GC Thread#8" [stack: 0x000000da9c600000,0x000000da9c700000] [id=12816]
  0x000002a4e9c351c0 WorkerThread "GC Thread#9" [stack: 0x000000da9c700000,0x000000da9c800000] [id=27340]
  0x000002a4c9804ff0 ConcurrentGCThread "G1 Main Marker" terminated
  0x000002a4c97e6850 WorkerThread "G1 Conc#0" [stack: 0x000000da9a200000,0x000000da9a300000] [id=12772]
  0x000002a4c981ebf0 ConcurrentGCThread "G1 Refine#0" terminated
  0x000002a4e140d760 ConcurrentGCThread "G1 Service" terminated

Threads with active compile tasks:

VM state: at safepoint (shutting down)

VM Mutex/Monitor currently owned by a thread:  ([mutex/lock_event])
[0x000002a4c97c4160] Threads_lock - owner thread: 0x000002a4c97e6580
[0x000002a4c97c3ce0] Heap_lock - owner thread: 0x000002a4e14ef4e0

Heap address: 0x0000000704800000, size: 4024 MB, Compressed Oops mode: Zero based, Oop shift amount: 3

CDS archive(s) mapped at: [0x000002a480000000-0x000002a480c60000-0x000002a480c60000), size 12976128, SharedBaseAddress: 0x000002a480000000, ArchiveRelocationMode: 1.
Compressed class space mapped at: 0x000002a481000000-0x000002a4c1000000, reserved size: 1073741824
Narrow klass base: 0x000002a480000000, Narrow klass shift: 0, Narrow klass range: 0x100000000

GC Precious Log:
 CardTable entry size: 512
 Card Set container configuration: InlinePtr #cards 4 size 8 Array Of Cards #cards 16 size 48 Howl #buckets 8 coarsen threshold 3686 Howl Bitmap #cards 512 size 80 coarsen threshold 460 Card regions per heap region 1 cards per card region 4096
 CPUs: 16 total, 16 available
 Memory: 16092M
 Large Page Support: Disabled
 NUMA Support: Disabled
 Compressed Oops: Enabled (Zero based)
 Heap Region Size: 2M
 Heap Min Capacity: 8M
 Heap Initial Capacity: 252M
 Heap Max Capacity: 4024M
 Pre-touch: Disabled
 Parallel Workers: 13
 Concurrent Workers: 3
 Concurrent Refinement Workers: 13
 Periodic GC: Disabled

Heap:
 garbage-first heap   total 258048K, used 97077K [0x0000000704800000, 0x0000000800000000)
  region size 2048K, 47 young (96256K), 2 survivors (4096K)
 Metaspace       used 5248K, committed 5440K, reserved 1114112K
  class space    used 343K, committed 448K, reserved 1048576K

Heap Regions: E=young(eden), S=young(survivor), O=old, HS=humongous(starts), HC=humongous(continues), CS=collection set, F=free, OA=open archive, CA=closed archive, TAMS=top-at-mark-start, PB=parsable bottom
|   0|0x0000000704800000, 0x0000000704a00000, 0x0000000704a00000|100%|HS|  |TAMS 0x0000000704800000| PB 0x0000000704800000| Complete 
|   1|0x0000000704a00000, 0x0000000704c00000, 0x0000000704c00000|100%|HC|  |TAMS 0x0000000704a00000| PB 0x0000000704a00000| Complete 
|   2|0x0000000704c00000, 0x0000000704c00000, 0x0000000704e00000|  0%| F|  |TAMS 0x0000000704c00000| PB 0x0000000704c00000| Untracked 
|   3|0x0000000704e00000, 0x0000000704e00000, 0x0000000705000000|  0%| F|  |TAMS 0x0000000704e00000| PB 0x0000000704e00000| Untracked 
|   4|0x0000000705000000, 0x0000000705000000, 0x0000000705200000|  0%| F|  |TAMS 0x0000000705000000| PB 0x0000000705000000| Untracked 
|   5|0x0000000705200000, 0x0000000705200000, 0x0000000705400000|  0%| F|  |TAMS 0x0000000705200000| PB 0x0000000705200000| Untracked 
|   6|0x0000000705400000, 0x0000000705400000, 0x0000000705600000|  0%| F|  |TAMS 0x0000000705400000| PB 0x0000000705400000| Untracked 
|   7|0x0000000705600000, 0x0000000705600000, 0x0000000705800000|  0%| F|  |TAMS 0x0000000705600000| PB 0x0000000705600000| Untracked 
|   8|0x0000000705800000, 0x0000000705800000, 0x0000000705a00000|  0%| F|  |TAMS 0x0000000705800000| PB 0x0000000705800000| Untracked 
|   9|0x0000000705a00000, 0x0000000705a00000, 0x0000000705c00000|  0%| F|  |TAMS 0x0000000705a00000| PB 0x0000000705a00000| Untracked 
|  10|0x0000000705c00000, 0x0000000705c00000, 0x0000000705e00000|  0%| F|  |TAMS 0x0000000705c00000| PB 0x0000000705c00000| Untracked 
|  11|0x0000000705e00000, 0x0000000705e00000, 0x0000000706000000|  0%| F|  |TAMS 0x0000000705e00000| PB 0x0000000705e00000| Untracked 
|  12|0x0000000706000000, 0x0000000706000000, 0x0000000706200000|  0%| F|  |TAMS 0x0000000706000000| PB 0x0000000706000000| Untracked 
|  13|0x0000000706200000, 0x0000000706200000, 0x0000000706400000|  0%| F|  |TAMS 0x0000000706200000| PB 0x0000000706200000| Untracked 
|  14|0x0000000706400000, 0x0000000706400000, 0x0000000706600000|  0%| F|  |TAMS 0x0000000706400000| PB 0x0000000706400000| Untracked 
|  15|0x0000000706600000, 0x0000000706600000, 0x0000000706800000|  0%| F|  |TAMS 0x0000000706600000| PB 0x0000000706600000| Untracked 
|  16|0x0000000706800000, 0x0000000706800000, 0x0000000706a00000|  0%| F|  |TAMS 0x0000000706800000| PB 0x0000000706800000| Untracked 
|  17|0x0000000706a00000, 0x0000000706a00000, 0x0000000706c00000|  0%| F|  |TAMS 0x0000000706a00000| PB 0x0000000706a00000| Untracked 
|  18|0x0000000706c00000, 0x0000000706c00000, 0x0000000706e00000|  0%| F|  |TAMS 0x0000000706c00000| PB 0x0000000706c00000| Untracked 
|  19|0x0000000706e00000, 0x0000000706e00000, 0x0000000707000000|  0%| F|  |TAMS 0x0000000706e00000| PB 0x0000000706e00000| Untracked 
|  20|0x0000000707000000, 0x0000000707000000, 0x0000000707200000|  0%| F|  |TAMS 0x0000000707000000| PB 0x0000000707000000| Untracked 
|  21|0x0000000707200000, 0x0000000707200000, 0x0000000707400000|  0%| F|  |TAMS 0x0000000707200000| PB 0x0000000707200000| Untracked 
|  22|0x0000000707400000, 0x0000000707400000, 0x0000000707600000|  0%| F|  |TAMS 0x0000000707400000| PB 0x0000000707400000| Untracked 
|  23|0x0000000707600000, 0x0000000707600000, 0x0000000707800000|  0%| F|  |TAMS 0x0000000707600000| PB 0x0000000707600000| Untracked 
|  24|0x0000000707800000, 0x0000000707800000, 0x0000000707a00000|  0%| F|  |TAMS 0x0000000707800000| PB 0x0000000707800000| Untracked 
|  25|0x0000000707a00000, 0x0000000707a00000, 0x0000000707c00000|  0%| F|  |TAMS 0x0000000707a00000| PB 0x0000000707a00000| Untracked 
|  26|0x0000000707c00000, 0x0000000707c00000, 0x0000000707e00000|  0%| F|  |TAMS 0x0000000707c00000| PB 0x0000000707c00000| Untracked 
|  27|0x0000000707e00000, 0x0000000707e00000, 0x0000000708000000|  0%| F|  |TAMS 0x0000000707e00000| PB 0x0000000707e00000| Untracked 
|  28|0x0000000708000000, 0x0000000708000000, 0x0000000708200000|  0%| F|  |TAMS 0x0000000708000000| PB 0x0000000708000000| Untracked 
|  29|0x0000000708200000, 0x0000000708200000, 0x0000000708400000|  0%| F|  |TAMS 0x0000000708200000| PB 0x0000000708200000| Untracked 
|  30|0x0000000708400000, 0x0000000708400000, 0x0000000708600000|  0%| F|  |TAMS 0x0000000708400000| PB 0x0000000708400000| Untracked 
|  31|0x0000000708600000, 0x0000000708600000, 0x0000000708800000|  0%| F|  |TAMS 0x0000000708600000| PB 0x0000000708600000| Untracked 
|  32|0x0000000708800000, 0x0000000708800000, 0x0000000708a00000|  0%| F|  |TAMS 0x0000000708800000| PB 0x0000000708800000| Untracked 
|  33|0x0000000708a00000, 0x0000000708a00000, 0x0000000708c00000|  0%| F|  |TAMS 0x0000000708a00000| PB 0x0000000708a00000| Untracked 
|  34|0x0000000708c00000, 0x0000000708c00000, 0x0000000708e00000|  0%| F|  |TAMS 0x0000000708c00000| PB 0x0000000708c00000| Untracked 
|  35|0x0000000708e00000, 0x0000000708e00000, 0x0000000709000000|  0%| F|  |TAMS 0x0000000708e00000| PB 0x0000000708e00000| Untracked 
|  36|0x0000000709000000, 0x0000000709000000, 0x0000000709200000|  0%| F|  |TAMS 0x0000000709000000| PB 0x0000000709000000| Untracked 
|  37|0x0000000709200000, 0x0000000709200000, 0x0000000709400000|  0%| F|  |TAMS 0x0000000709200000| PB 0x0000000709200000| Untracked 
|  38|0x0000000709400000, 0x0000000709400000, 0x0000000709600000|  0%| F|  |TAMS 0x0000000709400000| PB 0x0000000709400000| Untracked 
|  39|0x0000000709600000, 0x0000000709600000, 0x0000000709800000|  0%| F|  |TAMS 0x0000000709600000| PB 0x0000000709600000| Untracked 
|  40|0x0000000709800000, 0x0000000709800000, 0x0000000709a00000|  0%| F|  |TAMS 0x0000000709800000| PB 0x0000000709800000| Untracked 
|  41|0x0000000709a00000, 0x0000000709a00000, 0x0000000709c00000|  0%| F|  |TAMS 0x0000000709a00000| PB 0x0000000709a00000| Untracked 
|  42|0x0000000709c00000, 0x0000000709c00000, 0x0000000709e00000|  0%| F|  |TAMS 0x0000000709c00000| PB 0x0000000709c00000| Untracked 
|  43|0x0000000709e00000, 0x0000000709e00000, 0x000000070a000000|  0%| F|  |TAMS 0x0000000709e00000| PB 0x0000000709e00000| Untracked 
|  44|0x000000070a000000, 0x000000070a000000, 0x000000070a200000|  0%| F|  |TAMS 0x000000070a000000| PB 0x000000070a000000| Untracked 
|  45|0x000000070a200000, 0x000000070a200000, 0x000000070a400000|  0%| F|  |TAMS 0x000000070a200000| PB 0x000000070a200000| Untracked 
|  46|0x000000070a400000, 0x000000070a400000, 0x000000070a600000|  0%| F|  |TAMS 0x000000070a400000| PB 0x000000070a400000| Untracked 
|  47|0x000000070a600000, 0x000000070a600000, 0x000000070a800000|  0%| F|  |TAMS 0x000000070a600000| PB 0x000000070a600000| Untracked 
|  48|0x000000070a800000, 0x000000070a800000, 0x000000070aa00000|  0%| F|  |TAMS 0x000000070a800000| PB 0x000000070a800000| Untracked 
|  49|0x000000070aa00000, 0x000000070aa00000, 0x000000070ac00000|  0%| F|  |TAMS 0x000000070aa00000| PB 0x000000070aa00000| Untracked 
|  50|0x000000070ac00000, 0x000000070ac00000, 0x000000070ae00000|  0%| F|  |TAMS 0x000000070ac00000| PB 0x000000070ac00000| Untracked 
|  51|0x000000070ae00000, 0x000000070ae00000, 0x000000070b000000|  0%| F|  |TAMS 0x000000070ae00000| PB 0x000000070ae00000| Untracked 
|  52|0x000000070b000000, 0x000000070b000000, 0x000000070b200000|  0%| F|  |TAMS 0x000000070b000000| PB 0x000000070b000000| Untracked 
|  53|0x000000070b200000, 0x000000070b200000, 0x000000070b400000|  0%| F|  |TAMS 0x000000070b200000| PB 0x000000070b200000| Untracked 
|  54|0x000000070b400000, 0x000000070b400000, 0x000000070b600000|  0%| F|  |TAMS 0x000000070b400000| PB 0x000000070b400000| Untracked 
|  55|0x000000070b600000, 0x000000070b600000, 0x000000070b800000|  0%| F|  |TAMS 0x000000070b600000| PB 0x000000070b600000| Untracked 
|  56|0x000000070b800000, 0x000000070b800000, 0x000000070ba00000|  0%| F|  |TAMS 0x000000070b800000| PB 0x000000070b800000| Untracked 
|  57|0x000000070ba00000, 0x000000070ba00000, 0x000000070bc00000|  0%| F|  |TAMS 0x000000070ba00000| PB 0x000000070ba00000| Untracked 
|  58|0x000000070bc00000, 0x000000070bc00000, 0x000000070be00000|  0%| F|  |TAMS 0x000000070bc00000| PB 0x000000070bc00000| Untracked 
|  59|0x000000070be00000, 0x000000070be00000, 0x000000070c000000|  0%| F|  |TAMS 0x000000070be00000| PB 0x000000070be00000| Untracked 
|  60|0x000000070c000000, 0x000000070c000000, 0x000000070c200000|  0%| F|  |TAMS 0x000000070c000000| PB 0x000000070c000000| Untracked 
|  61|0x000000070c200000, 0x000000070c200000, 0x000000070c400000|  0%| F|  |TAMS 0x000000070c200000| PB 0x000000070c200000| Untracked 
|  62|0x000000070c400000, 0x000000070c400000, 0x000000070c600000|  0%| F|  |TAMS 0x000000070c400000| PB 0x000000070c400000| Untracked 
|  63|0x000000070c600000, 0x000000070c600000, 0x000000070c800000|  0%| F|  |TAMS 0x000000070c600000| PB 0x000000070c600000| Untracked 
|  64|0x000000070c800000, 0x000000070c800000, 0x000000070ca00000|  0%| F|  |TAMS 0x000000070c800000| PB 0x000000070c800000| Untracked 
|  65|0x000000070ca00000, 0x000000070ca00000, 0x000000070cc00000|  0%| F|  |TAMS 0x000000070ca00000| PB 0x000000070ca00000| Untracked 
|  66|0x000000070cc00000, 0x000000070cc00000, 0x000000070ce00000|  0%| F|  |TAMS 0x000000070cc00000| PB 0x000000070cc00000| Untracked 
|  67|0x000000070ce00000, 0x000000070ce00000, 0x000000070d000000|  0%| F|  |TAMS 0x000000070ce00000| PB 0x000000070ce00000| Untracked 
|  68|0x000000070d000000, 0x000000070d000000, 0x000000070d200000|  0%| F|  |TAMS 0x000000070d000000| PB 0x000000070d000000| Untracked 
|  69|0x000000070d200000, 0x000000070d200000, 0x000000070d400000|  0%| F|  |TAMS 0x000000070d200000| PB 0x000000070d200000| Untracked 
|  70|0x000000070d400000, 0x000000070d400000, 0x000000070d600000|  0%| F|  |TAMS 0x000000070d400000| PB 0x000000070d400000| Untracked 
|  71|0x000000070d600000, 0x000000070d600000, 0x000000070d800000|  0%| F|  |TAMS 0x000000070d600000| PB 0x000000070d600000| Untracked 
|  72|0x000000070d800000, 0x000000070d800000, 0x000000070da00000|  0%| F|  |TAMS 0x000000070d800000| PB 0x000000070d800000| Untracked 
|  73|0x000000070da00000, 0x000000070da00000, 0x000000070dc00000|  0%| F|  |TAMS 0x000000070da00000| PB 0x000000070da00000| Untracked 
|  74|0x000000070dc00000, 0x000000070dc00000, 0x000000070de00000|  0%| F|  |TAMS 0x000000070dc00000| PB 0x000000070dc00000| Untracked 
|  75|0x000000070de00000, 0x000000070de00000, 0x000000070e000000|  0%| F|  |TAMS 0x000000070de00000| PB 0x000000070de00000| Untracked 
|  76|0x000000070e000000, 0x000000070e000000, 0x000000070e200000|  0%| F|  |TAMS 0x000000070e000000| PB 0x000000070e000000| Untracked 
|  77|0x000000070e200000, 0x000000070e200000, 0x000000070e400000|  0%| F|  |TAMS 0x000000070e200000| PB 0x000000070e200000| Untracked 
|  78|0x000000070e400000, 0x000000070e400000, 0x000000070e600000|  0%| F|  |TAMS 0x000000070e400000| PB 0x000000070e400000| Untracked 
|  79|0x000000070e600000, 0x000000070e800000, 0x000000070e800000|100%| E|  |TAMS 0x000000070e600000| PB 0x000000070e600000| Complete 
|  80|0x000000070e800000, 0x000000070ea00000, 0x000000070ea00000|100%| E|CS|TAMS 0x000000070e800000| PB 0x000000070e800000| Complete 
|  81|0x000000070ea00000, 0x000000070ec00000, 0x000000070ec00000|100%| E|CS|TAMS 0x000000070ea00000| PB 0x000000070ea00000| Complete 
|  82|0x000000070ec00000, 0x000000070ee00000, 0x000000070ee00000|100%| E|CS|TAMS 0x000000070ec00000| PB 0x000000070ec00000| Complete 
|  83|0x000000070ee00000, 0x000000070f000000, 0x000000070f000000|100%| E|CS|TAMS 0x000000070ee00000| PB 0x000000070ee00000| Complete 
|  84|0x000000070f000000, 0x000000070f200000, 0x000000070f200000|100%| E|CS|TAMS 0x000000070f000000| PB 0x000000070f000000| Complete 
|  85|0x000000070f200000, 0x000000070f400000, 0x000000070f400000|100%| E|CS|TAMS 0x000000070f200000| PB 0x000000070f200000| Complete 
|  86|0x000000070f400000, 0x000000070f600000, 0x000000070f600000|100%| E|CS|TAMS 0x000000070f400000| PB 0x000000070f400000| Complete 
|  87|0x000000070f600000, 0x000000070f800000, 0x000000070f800000|100%| E|CS|TAMS 0x000000070f600000| PB 0x000000070f600000| Complete 
|  88|0x000000070f800000, 0x000000070fa00000, 0x000000070fa00000|100%| E|CS|TAMS 0x000000070f800000| PB 0x000000070f800000| Complete 
|  89|0x000000070fa00000, 0x000000070fc00000, 0x000000070fc00000|100%| E|CS|TAMS 0x000000070fa00000| PB 0x000000070fa00000| Complete 
|  90|0x000000070fc00000, 0x000000070fe00000, 0x000000070fe00000|100%| E|CS|TAMS 0x000000070fc00000| PB 0x000000070fc00000| Complete 
|  91|0x000000070fe00000, 0x0000000710000000, 0x0000000710000000|100%| E|CS|TAMS 0x000000070fe00000| PB 0x000000070fe00000| Complete 
|  92|0x0000000710000000, 0x0000000710200000, 0x0000000710200000|100%| E|CS|TAMS 0x0000000710000000| PB 0x0000000710000000| Complete 
|  93|0x0000000710200000, 0x0000000710400000, 0x0000000710400000|100%| E|CS|TAMS 0x0000000710200000| PB 0x0000000710200000| Complete 
|  94|0x0000000710400000, 0x0000000710600000, 0x0000000710600000|100%| E|CS|TAMS 0x0000000710400000| PB 0x0000000710400000| Complete 
|  95|0x0000000710600000, 0x0000000710800000, 0x0000000710800000|100%| E|CS|TAMS 0x0000000710600000| PB 0x0000000710600000| Complete 
|  96|0x0000000710800000, 0x0000000710a00000, 0x0000000710a00000|100%| E|CS|TAMS 0x0000000710800000| PB 0x0000000710800000| Complete 
|  97|0x0000000710a00000, 0x0000000710c00000, 0x0000000710c00000|100%| E|CS|TAMS 0x0000000710a00000| PB 0x0000000710a00000| Complete 
|  98|0x0000000710c00000, 0x0000000710e00000, 0x0000000710e00000|100%| E|CS|TAMS 0x0000000710c00000| PB 0x0000000710c00000| Complete 
|  99|0x0000000710e00000, 0x0000000711000000, 0x0000000711000000|100%| E|CS|TAMS 0x0000000710e00000| PB 0x0000000710e00000| Complete 
| 100|0x0000000711000000, 0x0000000711200000, 0x0000000711200000|100%| E|CS|TAMS 0x0000000711000000| PB 0x0000000711000000| Complete 
| 101|0x0000000711200000, 0x0000000711400000, 0x0000000711400000|100%| E|CS|TAMS 0x0000000711200000| PB 0x0000000711200000| Complete 
| 102|0x0000000711400000, 0x0000000711600000, 0x0000000711600000|100%| E|CS|TAMS 0x0000000711400000| PB 0x0000000711400000| Complete 
| 103|0x0000000711600000, 0x00000007116cd460, 0x0000000711800000| 40%| S|CS|TAMS 0x0000000711600000| PB 0x0000000711600000| Complete 
| 104|0x0000000711800000, 0x0000000711a00000, 0x0000000711a00000|100%| S|CS|TAMS 0x0000000711800000| PB 0x0000000711800000| Complete 
| 105|0x0000000711a00000, 0x0000000711c00000, 0x0000000711c00000|100%| E|CS|TAMS 0x0000000711a00000| PB 0x0000000711a00000| Complete 
| 106|0x0000000711c00000, 0x0000000711e00000, 0x0000000711e00000|100%| E|CS|TAMS 0x0000000711c00000| PB 0x0000000711c00000| Complete 
| 107|0x0000000711e00000, 0x0000000712000000, 0x0000000712000000|100%| E|CS|TAMS 0x0000000711e00000| PB 0x0000000711e00000| Complete 
| 108|0x0000000712000000, 0x0000000712200000, 0x0000000712200000|100%| E|CS|TAMS 0x0000000712000000| PB 0x0000000712000000| Complete 
| 109|0x0000000712200000, 0x0000000712400000, 0x0000000712400000|100%| E|CS|TAMS 0x0000000712200000| PB 0x0000000712200000| Complete 
| 110|0x0000000712400000, 0x0000000712600000, 0x0000000712600000|100%| E|CS|TAMS 0x0000000712400000| PB 0x0000000712400000| Complete 
| 111|0x0000000712600000, 0x0000000712800000, 0x0000000712800000|100%| E|CS|TAMS 0x0000000712600000| PB 0x0000000712600000| Complete 
| 112|0x0000000712800000, 0x0000000712a00000, 0x0000000712a00000|100%| E|CS|TAMS 0x0000000712800000| PB 0x0000000712800000| Complete 
| 113|0x0000000712a00000, 0x0000000712c00000, 0x0000000712c00000|100%| E|CS|TAMS 0x0000000712a00000| PB 0x0000000712a00000| Complete 
| 114|0x0000000712c00000, 0x0000000712e00000, 0x0000000712e00000|100%| E|CS|TAMS 0x0000000712c00000| PB 0x0000000712c00000| Complete 
| 115|0x0000000712e00000, 0x0000000713000000, 0x0000000713000000|100%| E|CS|TAMS 0x0000000712e00000| PB 0x0000000712e00000| Complete 
| 116|0x0000000713000000, 0x0000000713200000, 0x0000000713200000|100%| E|CS|TAMS 0x0000000713000000| PB 0x0000000713000000| Complete 
| 117|0x0000000713200000, 0x0000000713400000, 0x0000000713400000|100%| E|CS|TAMS 0x0000000713200000| PB 0x0000000713200000| Complete 
| 118|0x0000000713400000, 0x0000000713600000, 0x0000000713600000|100%| E|CS|TAMS 0x0000000713400000| PB 0x0000000713400000| Complete 
| 119|0x0000000713600000, 0x0000000713800000, 0x0000000713800000|100%| E|CS|TAMS 0x0000000713600000| PB 0x0000000713600000| Complete 
| 120|0x0000000713800000, 0x0000000713a00000, 0x0000000713a00000|100%| E|CS|TAMS 0x0000000713800000| PB 0x0000000713800000| Complete 
| 121|0x0000000713a00000, 0x0000000713c00000, 0x0000000713c00000|100%| E|CS|TAMS 0x0000000713a00000| PB 0x0000000713a00000| Complete 
| 122|0x0000000713c00000, 0x0000000713e00000, 0x0000000713e00000|100%| E|CS|TAMS 0x0000000713c00000| PB 0x0000000713c00000| Complete 
| 123|0x0000000713e00000, 0x0000000714000000, 0x0000000714000000|100%| E|CS|TAMS 0x0000000713e00000| PB 0x0000000713e00000| Complete 
| 124|0x0000000714000000, 0x0000000714200000, 0x0000000714200000|100%| E|CS|TAMS 0x0000000714000000| PB 0x0000000714000000| Complete 
| 125|0x0000000714200000, 0x0000000714400000, 0x0000000714400000|100%| E|CS|TAMS 0x0000000714200000| PB 0x0000000714200000| Complete 

Card table byte_map: [0x000002a4e1d00000,0x000002a4e24e0000] _byte_map_base: 0x000002a4de4dc000

Marking Bits: (CMBitMap*) 0x000002a4c97f4b90
 Bits: [0x000002a4e2cc0000, 0x000002a4e6ba0000)

Polling page: 0x000002a4c8f20000

Metaspace:

Usage:
  Non-class:      4.79 MB used.
      Class:    343.84 KB used.
       Both:      5.13 MB used.

Virtual space:
  Non-class space:       64.00 MB reserved,       4.88 MB (  8%) committed,  1 nodes.
      Class space:        1.00 GB reserved,     448.00 KB ( <1%) committed,  1 nodes.
             Both:        1.06 GB reserved,       5.31 MB ( <1%) committed. 

Chunk freelists:
   Non-Class:  1.45 MB
       Class:  3.57 MB
        Both:  5.02 MB

MaxMetaspaceSize: unlimited
CompressedClassSpaceSize: 1.00 GB
Initial GC threshold: 21.00 MB
Current GC threshold: 21.00 MB
CDS: on
MetaspaceReclaimPolicy: balanced
 - commit_granule_bytes: 65536.
 - commit_granule_words: 8192.
 - virtual_space_node_default_size: 8388608.
 - enlarge_chunks_in_place: 1.
 - new_chunks_are_fully_committed: 0.
 - uncommit_free_chunks: 1.
 - use_allocation_guard: 0.


Internal statistics:

num_allocs_failed_limit: 0.
num_arena_births: 146.
num_arena_deaths: 0.
num_vsnodes_births: 2.
num_vsnodes_deaths: 0.
num_space_committed: 83.
num_space_uncommitted: 0.
num_chunks_returned_to_freelist: 0.
num_chunks_taken_from_freelist: 274.
num_chunk_merges: 0.
num_chunk_splits: 176.
num_chunks_enlarged: 115.
num_inconsistent_stats: 0.

CodeHeap 'non-profiled nmethods': size=119168Kb used=490Kb max_used=490Kb free=118677Kb
 bounds [0x000002a4d9630000, 0x000002a4d98a0000, 0x000002a4e0a90000]
CodeHeap 'profiled nmethods': size=119104Kb used=1675Kb max_used=1675Kb free=117428Kb
 bounds [0x000002a4d1a90000, 0x000002a4d1d00000, 0x000002a4d8ee0000]
CodeHeap 'non-nmethods': size=7488Kb used=2430Kb max_used=4134Kb free=5057Kb
 bounds [0x000002a4d8ee0000, 0x000002a4d9300000, 0x000002a4d9630000]
 total_blobs=2218 nmethods=1132 adapters=997
 compilation: enabled
              stopped_count=0, restarted_count=0
 full_count=0

Compilation events (20 events):
Event: 63.452 Thread 0x000002a4e1503720 1124       4       org.lwjgl.stb.STBTTAlignedQuad::nx1 (14 bytes)
Event: 63.452 Thread 0x000002a4e1503720 nmethod 1124 0x000002a4d96a2890 code [0x000002a4d96a2a00, 0x000002a4d96a2a70]
Event: 65.868 Thread 0x000002a4e1503720 1125       4       java.lang.ThreadLocal::get (47 bytes)
Event: 65.870 Thread 0x000002a4e1503720 nmethod 1125 0x000002a4d96a2b90 code [0x000002a4d96a2d20, 0x000002a4d96a2ed0]
Event: 67.202 Thread 0x000002a4e1503720 1126   !   4       bagel.InternalFont::getWidth (221 bytes)
Event: 67.218 Thread 0x000002a4e1503720 nmethod 1126 0x000002a4d96a3110 code [0x000002a4d96a3320, 0x000002a4d96a3dd0]
Event: 73.569 Thread 0x000002a4e1503720 1127       4       bagel.Font::drawString (16 bytes)
Event: 73.570 Thread 0x000002a4e1503720 nmethod 1127 0x000002a4d96a4b10 code [0x000002a4d96a4ca0, 0x000002a4d96a4e38]
Event: 90.385 Thread 0x000002a4e1503720 1128       4       org.lwjgl.glfw.GLFW::glfwWindowShouldClose (29 bytes)
Event: 90.386 Thread 0x000002a4e1503720 nmethod 1128 0x000002a4d96a5010 code [0x000002a4d96a5180, 0x000002a4d96a5250]
Event: 92.518 Thread 0x000002a4e1503720 1129       4       org.lwjgl.glfw.GLFW::glfwSwapBuffers (21 bytes)
Event: 92.519 Thread 0x000002a4e1503720 nmethod 1129 0x000002a4d96a5390 code [0x000002a4d96a5500, 0x000002a4d96a55c0]
Event: 107.452 Thread 0x000002a4e1503720 1130       4       org.lwjgl.glfw.GLFW::glfwPollEvents (9 bytes)
Event: 107.453 Thread 0x000002a4e1503720 nmethod 1130 0x000002a4d96a5690 code [0x000002a4d96a5800, 0x000002a4d96a5898]
Event: 107.453 Thread 0x000002a4e1503720 1131       4       org.lwjgl.opengl.GL11::glClear (5 bytes)
Event: 107.453 Thread 0x000002a4e1503720 nmethod 1131 0x000002a4d96a5990 code [0x000002a4d96a5b00, 0x000002a4d96a5b88]
Event: 107.453 Thread 0x000002a4e1503720 1132       4       bagel.AbstractGame$$Lambda$62/0x000002a481024738::run (8 bytes)
Event: 107.456 Thread 0x000002a4e1503720 nmethod 1132 0x000002a4d96a5c90 code [0x000002a4d96a5e60, 0x000002a4d96a6308]
Event: 146.418 Thread 0x000002a4e1503720 1133       4       ShadowDance::update (1037 bytes)
Event: 146.450 Thread 0x000002a4e1503720 nmethod 1133 0x000002a4d96a6790 code [0x000002a4d96a6bc0, 0x000002a4d96a8bc8]

GC Heap History (4 events):
Event: 19.802 GC heap before
{Heap before GC invocations=0 (full 0):
 garbage-first heap   total 258048K, used 26624K [0x0000000704800000, 0x0000000800000000)
  region size 2048K, 11 young (22528K), 0 survivors (0K)
 Metaspace       used 5241K, committed 5440K, reserved 1114112K
  class space    used 342K, committed 448K, reserved 1048576K
}
Event: 19.808 GC heap after
{Heap after GC invocations=1 (full 0):
 garbage-first heap   total 258048K, used 6906K [0x0000000704800000, 0x0000000800000000)
  region size 2048K, 2 young (4096K), 2 survivors (4096K)
 Metaspace       used 5241K, committed 5440K, reserved 1114112K
  class space    used 342K, committed 448K, reserved 1048576K
}
Event: 80.052 GC heap before
{Heap before GC invocations=1 (full 0):
 garbage-first heap   total 258048K, used 45818K [0x0000000704800000, 0x0000000800000000)
  region size 2048K, 21 young (43008K), 2 survivors (4096K)
 Metaspace       used 5245K, committed 5440K, reserved 1114112K
  class space    used 342K, committed 448K, reserved 1048576K
}
Event: 80.054 GC heap after
{Heap after GC invocations=2 (full 0):
 garbage-first heap   total 258048K, used 6965K [0x0000000704800000, 0x0000000800000000)
  region size 2048K, 2 young (4096K), 2 survivors (4096K)
 Metaspace       used 5245K, committed 5440K, reserved 1114112K
  class space    used 342K, committed 448K, reserved 1048576K
}

Dll operation events (14 events):
Event: 0.017 Loaded shared library C:\Users\yinghuaf\.jdks\corretto-20.0.2.1\bin\java.dll
Event: 0.034 Loaded shared library C:\Users\yinghuaf\.jdks\corretto-20.0.2.1\bin\jsvml.dll
Event: 0.084 Loaded shared library C:\Users\yinghuaf\.jdks\corretto-20.0.2.1\bin\zip.dll
Event: 0.086 Loaded shared library C:\Users\yinghuaf\.jdks\corretto-20.0.2.1\bin\instrument.dll
Event: 0.090 Loaded shared library C:\Users\yinghuaf\.jdks\corretto-20.0.2.1\bin\net.dll
Event: 0.094 Loaded shared library C:\Users\yinghuaf\.jdks\corretto-20.0.2.1\bin\nio.dll
Event: 0.097 Loaded shared library C:\Users\yinghuaf\.jdks\corretto-20.0.2.1\bin\zip.dll
Event: 0.116 Loaded shared library C:\Program Files\JetBrains\IntelliJ IDEA Community Edition 2022.3.1\bin\breakgen64.dll
Event: 0.138 Loaded shared library C:\Users\yinghuaf\.jdks\corretto-20.0.2.1\bin\extnet.dll
Event: 0.175 Loaded shared library C:\Users\yinghuaf\.jdks\corretto-20.0.2.1\bin\jimage.dll
Event: 0.200 Loaded shared library C:\Users\yinghuaf\AppData\Local\Temp\lwjglyinghuaf\3.3.1-build-7\lwjgl.dll
Event: 0.403 Loaded shared library C:\Users\yinghuaf\AppData\Local\Temp\lwjglyinghuaf\3.3.1-build-7\lwjgl_opengl.dll
Event: 0.499 Loaded shared library C:\Users\yinghuaf\AppData\Local\Temp\lwjglyinghuaf\3.3.1-build-7\lwjgl_stb.dll
Event: 0.598 Loaded shared library C:\Users\yinghuaf\.jdks\corretto-20.0.2.1\bin\jsound.dll

Deoptimization events (20 events):
Event: 18.868 Thread 0x000002a4c97c4980 Uncommon trap: trap_request=0xffffff45 fr.pc=0x000002a4d968cf84 relative=0x0000000000000964
Event: 18.868 Thread 0x000002a4c97c4980 Uncommon trap: reason=unstable_if action=reinterpret pc=0x000002a4d968cf84 method=HoldNote.draw(I)V @ 4 c2
Event: 18.868 Thread 0x000002a4c97c4980 DEOPT PACKING pc=0x000002a4d968cf84 sp=0x000000da99ffecf0
Event: 18.868 Thread 0x000002a4c97c4980 DEOPT UNPACKING pc=0x000002a4d8efd2a2 sp=0x000000da99ffec60 mode 2
Event: 19.809 Thread 0x000002a4e14e49a0 Uncommon trap: trap_request=0xffffff45 fr.pc=0x000002a4d96766c0 relative=0x0000000000000040
Event: 19.809 Thread 0x000002a4e14e49a0 Uncommon trap: reason=unstable_if action=reinterpret pc=0x000002a4d96766c0 method=java.util.concurrent.locks.AbstractQueuedSynchronizer.signalNext(Ljava/util/concurrent/locks/AbstractQueuedSynchronizer$Node;)V @ 1 c2
Event: 19.809 Thread 0x000002a4e14e49a0 DEOPT PACKING pc=0x000002a4d96766c0 sp=0x000000da9a6ff4e0
Event: 19.809 Thread 0x000002a4e14e49a0 DEOPT UNPACKING pc=0x000002a4d8efd2a2 sp=0x000000da9a6ff470 mode 2
Event: 35.518 Thread 0x000002a4c97c4980 Uncommon trap: trap_request=0xffffff45 fr.pc=0x000002a4d969708c relative=0x000000000000162c
Event: 35.518 Thread 0x000002a4c97c4980 Uncommon trap: reason=unstable_if action=reinterpret pc=0x000002a4d969708c method=Note.checkScore(Lbagel/Input;LAccuracy;ILbagel/Keys;)I @ 34 c2
Event: 35.518 Thread 0x000002a4c97c4980 DEOPT PACKING pc=0x000002a4d969708c sp=0x000000da99ffed60
Event: 35.518 Thread 0x000002a4c97c4980 DEOPT UNPACKING pc=0x000002a4d8efd2a2 sp=0x000000da99ffecb0 mode 2
Event: 35.535 Thread 0x000002a4c97c4980 Uncommon trap: trap_request=0xffffff45 fr.pc=0x000002a4d969a528 relative=0x0000000000000808
Event: 35.535 Thread 0x000002a4c97c4980 Uncommon trap: reason=unstable_if action=reinterpret pc=0x000002a4d969a528 method=Note.checkScore(Lbagel/Input;LAccuracy;ILbagel/Keys;)I @ 34 c2
Event: 35.535 Thread 0x000002a4c97c4980 DEOPT PACKING pc=0x000002a4d969a528 sp=0x000000da99ffecf0
Event: 35.535 Thread 0x000002a4c97c4980 DEOPT UNPACKING pc=0x000002a4d8efd2a2 sp=0x000000da99ffeca0 mode 2
Event: 61.085 Thread 0x000002a4c97c4980 Uncommon trap: trap_request=0xffffff45 fr.pc=0x000002a4d96a0858 relative=0x0000000000001678
Event: 61.085 Thread 0x000002a4c97c4980 Uncommon trap: reason=unstable_if action=reinterpret pc=0x000002a4d96a0858 method=Lane.isFinished()Z @ 37 c2
Event: 61.085 Thread 0x000002a4c97c4980 DEOPT PACKING pc=0x000002a4d96a0858 sp=0x000000da99fff020
Event: 61.085 Thread 0x000002a4c97c4980 DEOPT UNPACKING pc=0x000002a4d8efd2a2 sp=0x000000da99ffeef8 mode 2

Classes loaded (20 events):
Event: 0.958 Loading class java/io/Externalizable done
Event: 0.958 Loading class java/time/zone/Ser done
Event: 0.958 Loading class java/time/Month
Event: 0.959 Loading class java/time/Month done
Event: 0.959 Loading class java/time/DayOfWeek
Event: 0.959 Loading class java/time/DayOfWeek done
Event: 0.959 Loading class java/time/zone/ZoneOffsetTransitionRule$TimeDefinition
Event: 0.959 Loading class java/time/zone/ZoneOffsetTransitionRule$TimeDefinition done
Event: 0.959 Loading class java/time/zone/ZoneOffsetTransition
Event: 0.959 Loading class java/time/zone/ZoneOffsetTransition done
Event: 0.960 Loading class sun/util/cldr/CLDRBaseLocaleDataMetaInfo$TZCanonicalIDMapHolder
Event: 0.960 Loading class sun/util/cldr/CLDRBaseLocaleDataMetaInfo$TZCanonicalIDMapHolder done
Event: 0.962 Loading class sun/util/resources/TimeZoneNames
Event: 0.962 Loading class sun/util/resources/TimeZoneNames done
Event: 0.963 Loading class sun/util/resources/TimeZoneNames_en
Event: 0.963 Loading class sun/util/resources/TimeZoneNames_en done
Event: 11.669 Loading class java/util/LinkedList$Node
Event: 11.669 Loading class java/util/LinkedList$Node done
Event: 153.538 Loading class jdk/internal/misc/Signal$1
Event: 153.538 Loading class jdk/internal/misc/Signal$1 done

Classes unloaded (0 events):
No events

Classes redefined (0 events):
No events

Internal exceptions (20 events):
Event: 0.209 Thread 0x000002a4c97c4980 Exception <a 'sun/nio/fs/WindowsException'{0x0000000713c472d0}> (0x0000000713c472d0) 
thrown [s\src\hotspot\share\prims\jni.cpp, line 519]
Event: 0.219 Thread 0x000002a4c97c4980 Exception <a 'java/lang/NoSuchMethodError'{0x0000000713c91c58}: 'int java.lang.invoke.DirectMethodHandle$Holder.invokeStaticInit(java.lang.Object, java.lang.Object, int, long)'> (0x0000000713c91c58) 
thrown [s\src\hotspot\share\interpreter\linkResolver.cpp, line 773]
Event: 0.220 Thread 0x000002a4c97c4980 Exception <a 'java/lang/NoSuchMethodError'{0x0000000713c97290}: 'java.lang.Object java.lang.invoke.DirectMethodHandle$Holder.newInvokeSpecial(java.lang.Object, java.lang.Object, int)'> (0x0000000713c97290) 
thrown [s\src\hotspot\share\interpreter\linkResolver.cpp, line 773]
Event: 0.222 Thread 0x000002a4c97c4980 Exception <a 'java/lang/NoSuchMethodError'{0x0000000713ca55a0}: 'int java.lang.invoke.DirectMethodHandle$Holder.invokeStaticInit(java.lang.Object, java.lang.Object, long, long)'> (0x0000000713ca55a0) 
thrown [s\src\hotspot\share\interpreter\linkResolver.cpp, line 773]
Event: 0.223 Thread 0x000002a4c97c4980 Exception <a 'java/lang/NoSuchMethodError'{0x0000000713cab3e8}: 'java.lang.Object java.lang.invoke.DirectMethodHandle$Holder.newInvokeSpecial(java.lang.Object, java.lang.Object, long)'> (0x0000000713cab3e8) 
thrown [s\src\hotspot\share\interpreter\linkResolver.cpp, line 773]
Event: 0.223 Thread 0x000002a4c97c4980 Exception <a 'java/lang/NoSuchMethodError'{0x0000000713caf1a0}: 'java.lang.Object java.lang.invoke.Invokers$Holder.linkToTargetMethod(java.lang.Object, long, java.lang.Object)'> (0x0000000713caf1a0) 
thrown [s\src\hotspot\share\interpreter\linkResolver.cpp, line 773]
Event: 0.224 Thread 0x000002a4c97c4980 Exception <a 'java/lang/NoSuchMethodError'{0x0000000713cb61d8}: 'int java.lang.invoke.DirectMethodHandle$Holder.invokeStaticInit(java.lang.Object, java.lang.Object, java.lang.Object, long)'> (0x0000000713cb61d8) 
thrown [s\src\hotspot\share\interpreter\linkResolver.cpp, line 773]
Event: 0.396 Thread 0x000002a4c97c4980 Exception <a 'java/lang/NoSuchMethodError'{0x0000000713d499f0}: 'void java.lang.System.load(java.lang.String, java.lang.Class)'> (0x0000000713d499f0) 
thrown [s\src\hotspot\share\interpreter\linkResolver.cpp, line 773]
Event: 0.397 Thread 0x000002a4c97c4980 Exception <a 'java/lang/NoSuchMethodError'{0x0000000713d4c7d8}: 'void java.lang.System.loadLibrary(java.lang.String, java.lang.Class)'> (0x0000000713d4c7d8) 
thrown [s\src\hotspot\share\interpreter\linkResolver.cpp, line 773]
Event: 0.400 Thread 0x000002a4c97c4980 Exception <a 'sun/nio/fs/WindowsException'{0x0000000713d5c0a8}> (0x0000000713d5c0a8) 
thrown [s\src\hotspot\share\prims\jni.cpp, line 519]
Event: 0.400 Thread 0x000002a4c97c4980 Exception <a 'sun/nio/fs/WindowsException'{0x0000000713d5c468}> (0x0000000713d5c468) 
thrown [s\src\hotspot\share\prims\jni.cpp, line 519]
Event: 0.405 Thread 0x000002a4c97c4980 Exception <a 'sun/nio/fs/WindowsException'{0x0000000713d61e00}> (0x0000000713d61e00) 
thrown [s\src\hotspot\share\prims\jni.cpp, line 519]
Event: 0.405 Thread 0x000002a4c97c4980 Exception <a 'sun/nio/fs/WindowsException'{0x0000000713d62100}> (0x0000000713d62100) 
thrown [s\src\hotspot\share\prims\jni.cpp, line 519]
Event: 0.490 Thread 0x000002a4c97c4980 Exception <a 'java/lang/NoSuchMethodError'{0x0000000713b993e0}: 'void java.lang.System.load(java.lang.String, java.lang.Class)'> (0x0000000713b993e0) 
thrown [s\src\hotspot\share\interpreter\linkResolver.cpp, line 773]
Event: 0.490 Thread 0x000002a4c97c4980 Exception <a 'java/lang/NoSuchMethodError'{0x0000000713b9c1d0}: 'void java.lang.System.loadLibrary(java.lang.String, java.lang.Class)'> (0x0000000713b9c1d0) 
thrown [s\src\hotspot\share\interpreter\linkResolver.cpp, line 773]
Event: 0.496 Thread 0x000002a4c97c4980 Exception <a 'sun/nio/fs/WindowsException'{0x0000000713babdf0}> (0x0000000713babdf0) 
thrown [s\src\hotspot\share\prims\jni.cpp, line 519]
Event: 0.496 Thread 0x000002a4c97c4980 Exception <a 'sun/nio/fs/WindowsException'{0x0000000713bac198}> (0x0000000713bac198) 
thrown [s\src\hotspot\share\prims\jni.cpp, line 519]
Event: 0.764 Thread 0x000002a4c97c4980 Exception <a 'java/lang/NoSuchMethodError'{0x00000007139a7350}: 'void java.lang.invoke.DirectMethodHandle$Holder.invokeVirtual(java.lang.Object, java.lang.Object)'> (0x00000007139a7350) 
thrown [s\src\hotspot\share\interpreter\linkResolver.cpp, line 773]
Event: 0.964 Thread 0x000002a4e14f0a20 Exception <a 'java/lang/NoSuchMethodError'{0x00000007137533d8}: 'java.lang.Object java.lang.invoke.Invokers$Holder.invokeExact_MT(java.lang.Object, java.lang.Object, java.lang.Object, java.lang.Object, java.lang.Object, java.lang.Object)'> (0x00000007137533d8) 
thrown [s\src\hotspot\share\interpreter\linkResolver.cpp, line 773]
Event: 2.103 Thread 0x000002a4c97c4980 Exception <a 'java/lang/NoSuchMethodError'{0x0000000713511eb0}: 'void java.lang.invoke.DirectMethodHandle$Holder.invokeStatic(java.lang.Object, int, java.lang.Object)'> (0x0000000713511eb0) 
thrown [s\src\hotspot\share\interpreter\linkResolver.cpp, line 773]

VM Operations (15 events):
Event: 0.126 Executing VM operation: HandshakeAllThreads
Event: 0.126 Executing VM operation: HandshakeAllThreads done
Event: 1.136 Executing VM operation: Cleanup
Event: 1.137 Executing VM operation: Cleanup done
Event: 2.148 Executing VM operation: Cleanup
Event: 2.148 Executing VM operation: Cleanup done
Event: 4.168 Executing VM operation: Cleanup
Event: 4.168 Executing VM operation: Cleanup done
Event: 12.242 Executing VM operation: Cleanup
Event: 12.243 Executing VM operation: Cleanup done
Event: 19.802 Executing VM operation: G1CollectForAllocation
Event: 19.808 Executing VM operation: G1CollectForAllocation done
Event: 80.052 Executing VM operation: G1CollectForAllocation
Event: 80.054 Executing VM operation: G1CollectForAllocation done
Event: 153.539 Executing VM operation: Exit

Events (20 events):
Event: 0.067 Thread 0x000002a4e14f24b0 Thread added: 0x000002a4e14f24b0
Event: 0.073 Thread 0x000002a4e9b85820 Thread added: 0x000002a4e9b85820
Event: 0.073 Thread 0x000002a4e9b85db0 Thread added: 0x000002a4e9b85db0
Event: 0.073 Thread 0x000002a4e9bd0940 Thread added: 0x000002a4e9bd0940
Event: 0.078 Thread 0x000002a4e9c15020 Thread added: 0x000002a4e9c15020
Event: 0.117 Thread 0x000002a4e14eff80 Thread added: 0x000002a4e14eff80
Event: 0.118 Thread 0x000002a4e14f1a10 Thread added: 0x000002a4e14f1a10
Event: 0.395 Thread 0x000002a4e9c15020 Thread exited: 0x000002a4e9c15020
Event: 0.419 Thread 0x000002a4ee7ab130 Thread added: 0x000002a4ee7ab130
Event: 0.683 Thread 0x000002a4ee7ab130 Thread exited: 0x000002a4ee7ab130
Event: 0.691 Thread 0x000002a4e14f2a00 Thread added: 0x000002a4e14f2a00
Event: 0.720 Thread 0x000002a4e14f14c0 Thread added: 0x000002a4e14f14c0
Event: 0.956 Thread 0x000002a4f7782700 Thread added: 0x000002a4f7782700
Event: 1.386 Thread 0x000002a4f7782700 Thread exited: 0x000002a4f7782700
Event: 1.769 Thread 0x000002a4e9bd0940 Thread exited: 0x000002a4e9bd0940
Event: 2.128 Thread 0x000002a4e14ef4e0 Thread added: 0x000002a4e14ef4e0
Event: 2.129 Thread 0x000002a4e14ef4e0 Thread exited: 0x000002a4e14ef4e0
Event: 4.236 Thread 0x000002a4e9b85820 Thread exited: 0x000002a4e9b85820
Event: 4.236 Thread 0x000002a4e9b85db0 Thread exited: 0x000002a4e9b85db0
Event: 153.538 Thread 0x000002a4e14ef4e0 Thread added: 0x000002a4e14ef4e0


Dynamic libraries:
0x00007ff681aa0000 - 0x00007ff681aae000 	C:\Users\yinghuaf\.jdks\corretto-20.0.2.1\bin\java.exe
0x00007ffaeaa30000 - 0x00007ffaeac28000 	C:\WINDOWS\SYSTEM32\ntdll.dll
0x00007ffae9b10000 - 0x00007ffae9bcf000 	C:\WINDOWS\System32\KERNEL32.DLL
0x00007ffae8570000 - 0x00007ffae8866000 	C:\WINDOWS\System32\KERNELBASE.dll
0x00007ffae4b60000 - 0x00007ffae4bf1000 	C:\WINDOWS\SYSTEM32\apphelp.dll
0x00007ffae8210000 - 0x00007ffae8310000 	C:\WINDOWS\System32\ucrtbase.dll
0x00007ffadf780000 - 0x00007ffadf79b000 	C:\Users\yinghuaf\.jdks\corretto-20.0.2.1\bin\VCRUNTIME140.dll
0x00007ffae4280000 - 0x00007ffae4297000 	C:\Users\yinghuaf\.jdks\corretto-20.0.2.1\bin\jli.dll
0x00007ffae9bd0000 - 0x00007ffae9d6d000 	C:\WINDOWS\System32\USER32.dll
0x00007ffae81b0000 - 0x00007ffae81d2000 	C:\WINDOWS\System32\win32u.dll
0x00007ffae9d70000 - 0x00007ffae9d9c000 	C:\WINDOWS\System32\GDI32.dll
0x00007ffada4c0000 - 0x00007ffada75a000 	C:\WINDOWS\WinSxS\amd64_microsoft.windows.common-controls_6595b64144ccf1df_6.0.19041.1110_none_60b5254171f9507e\COMCTL32.dll
0x00007ffae8310000 - 0x00007ffae8425000 	C:\WINDOWS\System32\gdi32full.dll
0x00007ffaea060000 - 0x00007ffaea0fe000 	C:\WINDOWS\System32\msvcrt.dll
0x00007ffae8110000 - 0x00007ffae81ad000 	C:\WINDOWS\System32\msvcp_win.dll
0x00007ffae9ef0000 - 0x00007ffae9f20000 	C:\WINDOWS\System32\IMM32.DLL
0x00007ffae7f40000 - 0x00007ffae7f54000 	C:\Program Files\AppSense\Environment Manager\Agent\EmLoader.dll
0x00007ffaea730000 - 0x00007ffaea85a000 	C:\WINDOWS\System32\ole32.dll
0x00007ffaea860000 - 0x00007ffaea986000 	C:\WINDOWS\System32\RPCRT4.dll
0x00007ffae8d50000 - 0x00007ffae90a4000 	C:\WINDOWS\System32\combase.dll
0x00007ffacdef0000 - 0x00007ffacdf36000 	C:\Program Files\AppSense\Application Manager\Agent\AMLdrAppInit.dll
0x00007ffacdc20000 - 0x00007ffacdd65000 	C:\Program Files\AppSense\Application Manager\Agent\AMAppHook.dll
0x00007ffae8c60000 - 0x00007ffae8ccb000 	C:\WINDOWS\System32\WS2_32.dll
0x00007ffae8bb0000 - 0x00007ffae8c5f000 	C:\WINDOWS\System32\ADVAPI32.dll
0x00007ffae9fb0000 - 0x00007ffaea04c000 	C:\WINDOWS\System32\sechost.dll
0x00007ffae93c0000 - 0x00007ffae9b04000 	C:\WINDOWS\System32\SHELL32.dll
0x00007ffae1170000 - 0x00007ffae127a000 	C:\WINDOWS\SYSTEM32\WINHTTP.dll
0x00007ffae7df0000 - 0x00007ffae7dfa000 	C:\WINDOWS\SYSTEM32\VERSION.dll
0x00007ffae6b80000 - 0x00007ffae6eb6000 	C:\WINDOWS\SYSTEM32\msi.dll
0x00007ffae81e0000 - 0x00007ffae8207000 	C:\WINDOWS\System32\bcrypt.dll
0x00007ffae23d0000 - 0x00007ffae2435000 	C:\WINDOWS\SYSTEM32\wevtapi.dll
0x00007ffadf770000 - 0x00007ffadf77c000 	C:\Users\yinghuaf\.jdks\corretto-20.0.2.1\bin\vcruntime140_1.dll
0x00007ffab0ac0000 - 0x00007ffab0b4e000 	C:\Users\yinghuaf\.jdks\corretto-20.0.2.1\bin\msvcp140.dll
0x00007ffa39cd0000 - 0x00007ffa3a9d4000 	C:\Users\yinghuaf\.jdks\corretto-20.0.2.1\bin\server\jvm.dll
0x00007ffacfdd0000 - 0x00007ffacfdf7000 	C:\WINDOWS\SYSTEM32\WINMM.dll
0x00007ffacd640000 - 0x00007ffacd649000 	C:\WINDOWS\SYSTEM32\WSOCK32.dll
0x00007ffae63c0000 - 0x00007ffae63d2000 	C:\WINDOWS\SYSTEM32\kernel.appcore.dll
0x00007ffadf760000 - 0x00007ffadf76a000 	C:\Users\yinghuaf\.jdks\corretto-20.0.2.1\bin\jimage.dll
0x00007ffae5940000 - 0x00007ffae5b24000 	C:\WINDOWS\SYSTEM32\DBGHELP.DLL
0x00007ffacfc60000 - 0x00007ffacfc94000 	C:\WINDOWS\SYSTEM32\dbgcore.DLL
0x00007ffae8430000 - 0x00007ffae84b2000 	C:\WINDOWS\System32\bcryptPrimitives.dll
0x00007ffad9f40000 - 0x00007ffad9f4e000 	C:\Users\yinghuaf\.jdks\corretto-20.0.2.1\bin\instrument.dll
0x00007ffad9f50000 - 0x00007ffad9f76000 	C:\Users\yinghuaf\.jdks\corretto-20.0.2.1\bin\java.dll
0x00007ffab09e0000 - 0x00007ffab0ab7000 	C:\Users\yinghuaf\.jdks\corretto-20.0.2.1\bin\jsvml.dll
0x00007ffae63e0000 - 0x00007ffae6b73000 	C:\WINDOWS\SYSTEM32\windows.storage.dll
0x00007ffae79a0000 - 0x00007ffae79ce000 	C:\WINDOWS\SYSTEM32\Wldp.dll
0x00007ffaea620000 - 0x00007ffaea6cd000 	C:\WINDOWS\System32\SHCORE.dll
0x00007ffae9f40000 - 0x00007ffae9f95000 	C:\WINDOWS\System32\shlwapi.dll
0x00007ffae8050000 - 0x00007ffae806f000 	C:\WINDOWS\SYSTEM32\profapi.dll
0x00007ffaab260000 - 0x00007ffaab278000 	C:\Users\yinghuaf\.jdks\corretto-20.0.2.1\bin\zip.dll
0x00007ffad5250000 - 0x00007ffad5263000 	C:\Users\yinghuaf\.jdks\corretto-20.0.2.1\bin\net.dll
0x00007ffae7700000 - 0x00007ffae776a000 	C:\WINDOWS\system32\mswsock.dll
0x00007ffaab280000 - 0x00007ffaab296000 	C:\Users\yinghuaf\.jdks\corretto-20.0.2.1\bin\nio.dll
0x00007ffaa6ab0000 - 0x00007ffaa6aca000 	C:\Program Files\JetBrains\IntelliJ IDEA Community Edition 2022.3.1\bin\breakgen64.dll
0x00007ffad9a90000 - 0x00007ffad9a97000 	C:\Users\yinghuaf\.jdks\corretto-20.0.2.1\bin\extnet.dll
0x00007ffaa3f20000 - 0x00007ffaa3f95000 	C:\Users\yinghuaf\AppData\Local\Temp\lwjglyinghuaf\3.3.1-build-7\lwjgl.dll
0x00007ffaa3eb0000 - 0x00007ffaa3f11000 	C:\Users\yinghuaf\AppData\Local\Temp\lwjglyinghuaf\3.3.1-build-7\glfw.dll
0x00007ffaa3e60000 - 0x00007ffaa3ea5000 	C:\WINDOWS\SYSTEM32\dinput8.dll
0x00007ffaa55f0000 - 0x00007ffaa5601000 	C:\WINDOWS\SYSTEM32\xinput1_4.dll
0x00007ffae8a40000 - 0x00007ffae8a8e000 	C:\WINDOWS\System32\cfgmgr32.dll
0x00007ffae7d70000 - 0x00007ffae7d9c000 	C:\WINDOWS\SYSTEM32\DEVOBJ.dll
0x00007ffae5210000 - 0x00007ffae523f000 	C:\WINDOWS\SYSTEM32\dwmapi.dll
0x00007ffaa2390000 - 0x00007ffaa24e2000 	C:\WINDOWS\SYSTEM32\inputhost.dll
0x00007ffae90b0000 - 0x00007ffae917d000 	C:\WINDOWS\System32\OLEAUT32.dll
0x00007ffae5670000 - 0x00007ffae5766000 	C:\WINDOWS\SYSTEM32\PROPSYS.dll
0x00007ffae48f0000 - 0x00007ffae49e2000 	C:\WINDOWS\SYSTEM32\CoreMessaging.dll
0x00007ffae3ec0000 - 0x00007ffae4014000 	C:\WINDOWS\SYSTEM32\wintypes.dll
0x00007ffae4590000 - 0x00007ffae48ee000 	C:\WINDOWS\SYSTEM32\CoreUIComponents.dll
0x00007ffae7160000 - 0x00007ffae7193000 	C:\WINDOWS\SYSTEM32\ntmarta.dll
0x00007ffae4dd0000 - 0x00007ffae4e6e000 	C:\WINDOWS\system32\uxtheme.dll
0x00007ffae8a90000 - 0x00007ffae8ba4000 	C:\WINDOWS\System32\MSCTF.dll
0x00007ffaa6630000 - 0x00007ffaa6755000 	C:\WINDOWS\SYSTEM32\opengl32.dll
0x00007ffaa7350000 - 0x00007ffaa737c000 	C:\WINDOWS\SYSTEM32\GLU32.dll
0x00007ffaea100000 - 0x00007ffaea1a9000 	C:\WINDOWS\System32\clbcatq.dll
0x00007ffa38550000 - 0x00007ffa39556000 	C:\WINDOWS\System32\DriverStore\FileRepository\iigd_dch.inf_amd64_ef980c863e84cdc2\igxelpicd64.dll
0x00007ffae5b50000 - 0x00007ffae5c43000 	C:\WINDOWS\system32\dxgi.dll
0x00007ffa76ca0000 - 0x00007ffa7713e000 	C:\WINDOWS\System32\DriverStore\FileRepository\iigd_dch.inf_amd64_ef980c863e84cdc2\igdml64.dll
0x00007ffad6110000 - 0x00007ffad64d1000 	C:\WINDOWS\System32\DriverStore\FileRepository\iigd_dch.inf_amd64_ef980c863e84cdc2\igdgmm64.dll
0x00007ffa7d770000 - 0x00007ffa809d0000 	C:\WINDOWS\System32\DriverStore\FileRepository\iigd_dch.inf_amd64_ef980c863e84cdc2\igc64.dll
0x00007ffae7f80000 - 0x00007ffae7fcb000 	C:\WINDOWS\SYSTEM32\powrprof.dll
0x00007ffae7f60000 - 0x00007ffae7f72000 	C:\WINDOWS\SYSTEM32\UMPDC.dll
0x00007ffaa3e00000 - 0x00007ffaa3e5d000 	C:\Users\yinghuaf\AppData\Local\Temp\lwjglyinghuaf\3.3.1-build-7\lwjgl_opengl.dll
0x00007ffaca2f0000 - 0x00007ffaca3e9000 	C:\WINDOWS\SYSTEM32\textinputframework.dll
0x00007ffaa27a0000 - 0x00007ffaa2821000 	C:\Users\yinghuaf\AppData\Local\Temp\lwjglyinghuaf\3.3.1-build-7\lwjgl_stb.dll
0x00007ffaa55d0000 - 0x00007ffaa55e2000 	C:\Users\yinghuaf\.jdks\corretto-20.0.2.1\bin\jsound.dll
0x00007ffaa2700000 - 0x00007ffaa279c000 	C:\WINDOWS\SYSTEM32\DSOUND.dll
0x00007ffaa07c0000 - 0x00007ffaa07e6000 	C:\WINDOWS\SYSTEM32\winmmbase.dll
0x00007ffad3ee0000 - 0x00007ffad3f65000 	C:\WINDOWS\System32\MMDevApi.dll
0x00007ffaa5690000 - 0x00007ffaa56d6000 	C:\WINDOWS\SYSTEM32\wdmaud.drv
0x00007ffaa3db0000 - 0x00007ffaa3db9000 	C:\WINDOWS\SYSTEM32\ksuser.dll
0x00007ffae7e20000 - 0x00007ffae7e2a000 	C:\WINDOWS\SYSTEM32\AVRT.dll
0x00007ffaa3080000 - 0x00007ffaa3202000 	C:\WINDOWS\SYSTEM32\AUDIOSES.DLL
0x00007ffad54f0000 - 0x00007ffad54fd000 	C:\WINDOWS\SYSTEM32\msacm32.drv
0x00007ffaa64e0000 - 0x00007ffaa64fe000 	C:\WINDOWS\SYSTEM32\MSACM32.dll
0x00007ffaac9a0000 - 0x00007ffaac9ab000 	C:\WINDOWS\SYSTEM32\midimap.dll
0x00007ffae4e70000 - 0x00007ffae4e84000 	C:\WINDOWS\SYSTEM32\resourcepolicyclient.dll
0x00007ffaa24f0000 - 0x00007ffaa2631000 	C:\Windows\System32\Windows.UI.dll
0x00007ffadf270000 - 0x00007ffadf311000 	C:\Windows\System32\WindowManagementAPI.dll
0x00007ffadf500000 - 0x00007ffadf707000 	C:\WINDOWS\SYSTEM32\twinapi.appcore.dll

dbghelp: loaded successfully - version: 4.0.5 - missing functions: none
symbol engine: initialized successfully - sym options: 0x614 - pdb path: .;C:\Users\yinghuaf\.jdks\corretto-20.0.2.1\bin;C:\WINDOWS\SYSTEM32;C:\WINDOWS\WinSxS\amd64_microsoft.windows.common-controls_6595b64144ccf1df_6.0.19041.1110_none_60b5254171f9507e;C:\Program Files\AppSense\Environment Manager\Agent;C:\Program Files\AppSense\Application Manager\Agent;C:\Users\yinghuaf\.jdks\corretto-20.0.2.1\bin\server;C:\Program Files\JetBrains\IntelliJ IDEA Community Edition 2022.3.1\bin;C:\Users\yinghuaf\AppData\Local\Temp\lwjglyinghuaf\3.3.1-build-7;C:\WINDOWS\System32\DriverStore\FileRepository\iigd_dch.inf_amd64_ef980c863e84cdc2

VM Arguments:
jvm_args: -javaagent:C:\Program Files\JetBrains\IntelliJ IDEA Community Edition 2022.3.1\lib\idea_rt.jar=56202:C:\Program Files\JetBrains\IntelliJ IDEA Community Edition 2022.3.1\bin -Dfile.encoding=UTF-8 -Dsun.stdout.encoding=UTF-8 -Dsun.stderr.encoding=UTF-8 
java_command: ShadowDance
java_class_path (initial): C:\SPB_Data\yinghuaf-project-2\target\classes;C:\Users\yinghuaf\.m2\repository\org\lwjgl\lwjgl\3.3.1\lwjgl-3.3.1.jar;C:\Users\yinghuaf\.m2\repository\org\lwjgl\lwjgl-assimp\3.3.1\lwjgl-assimp-3.3.1.jar;C:\Users\yinghuaf\.m2\repository\org\lwjgl\lwjgl-glfw\3.3.1\lwjgl-glfw-3.3.1.jar;C:\Users\yinghuaf\.m2\repository\org\lwjgl\lwjgl-openal\3.3.1\lwjgl-openal-3.3.1.jar;C:\Users\yinghuaf\.m2\repository\org\lwjgl\lwjgl-opengl\3.3.1\lwjgl-opengl-3.3.1.jar;C:\Users\yinghuaf\.m2\repository\org\lwjgl\lwjgl-stb\3.3.1\lwjgl-stb-3.3.1.jar;C:\Users\yinghuaf\.m2\repository\org\lwjgl\lwjgl\3.3.1\lwjgl-3.3.1-natives-windows.jar;C:\Users\yinghuaf\.m2\repository\org\lwjgl\lwjgl-assimp\3.3.1\lwjgl-assimp-3.3.1-natives-windows.jar;C:\Users\yinghuaf\.m2\repository\org\lwjgl\lwjgl-glfw\3.3.1\lwjgl-glfw-3.3.1-natives-windows.jar;C:\Users\yinghuaf\.m2\repository\org\lwjgl\lwjgl-openal\3.3.1\lwjgl-openal-3.3.1-natives-windows.jar;C:\Users\yinghuaf\.m2\repository\org\lwjgl\lwjgl-opengl\3.3.1\lwjgl-opengl-3.3.1-natives-windows.jar;C:\Users\yinghuaf\.m2\repository\org\lwjgl\lwjgl-stb\3.3.1\lwjgl-stb-3.3.1-natives-windows.jar;C:\Users\yinghuaf\.m2\repository\io\github\eleanor-em\bagel\1.9.3\bagel-1.9.3.jar
Launcher Type: SUN_STANDARD

[Global flags]
     intx CICompilerCount                          = 12                                        {product} {ergonomic}
     uint ConcGCThreads                            = 3                                         {product} {ergonomic}
     uint G1ConcRefinementThreads                  = 13                                        {product} {ergonomic}
   size_t G1HeapRegionSize                         = 2097152                                   {product} {ergonomic}
    uintx GCDrainStackTargetSize                   = 64                                        {product} {ergonomic}
   size_t InitialHeapSize                          = 264241152                                 {product} {ergonomic}
   size_t MarkStackSize                            = 4194304                                   {product} {ergonomic}
   size_t MaxHeapSize                              = 4219469824                                {product} {ergonomic}
   size_t MaxNewSize                               = 2531262464                                {product} {ergonomic}
   size_t MinHeapDeltaBytes                        = 2097152                                   {product} {ergonomic}
   size_t MinHeapSize                              = 8388608                                   {product} {ergonomic}
    uintx NonNMethodCodeHeapSize                   = 7602480                                {pd product} {ergonomic}
    uintx NonProfiledCodeHeapSize                  = 122027880                              {pd product} {ergonomic}
    uintx ProfiledCodeHeapSize                     = 122027880                              {pd product} {ergonomic}
    uintx ReservedCodeCacheSize                    = 251658240                              {pd product} {ergonomic}
     bool SegmentedCodeCache                       = true                                      {product} {ergonomic}
   size_t SoftMaxHeapSize                          = 4219469824                             {manageable} {ergonomic}
     bool UseCompressedClassPointers               = true                           {product lp64_product} {ergonomic}
     bool UseCompressedOops                        = true                           {product lp64_product} {ergonomic}
     bool UseG1GC                                  = true                                      {product} {ergonomic}
     bool UseLargePagesIndividualAllocation        = false                                  {pd product} {ergonomic}

Logging:
Log output configuration:
 #0: stdout all=off uptime,level,tags foldmultilines=false
 #1: stderr all=off uptime,level,tags foldmultilines=false

Environment Variables:
JAVA_HOME=C:\Program Files\Java\jdk-19.0.1
PATH=C:\MinGW\MinGW\bin;C:\Program Files (x86)\Common Files\Intel\Shared Libraries\redist\ia32_win\mpirt;C:\Program Files (x86)\Common Files\Intel\Shared Libraries\redist\ia32_win\compiler;C:\Program Files (x86)\Common Files\Intel\Shared Libraries\redist\intel64_win\mpirt;C:\Program Files (x86)\Common Files\Intel\Shared Libraries\redist\intel64_win\compiler;C:\Program Files\Basler\pylon 7\Runtime\x64\;C:\Program Files\Basler\pylon 7\Runtime\Win32\;C:\Program Files (x86)\Java\jre1.8.0_192\bin;C:\Program Files\Microsoft MPI\Bin\;C:\Program Files\swan;C:\SIMULIA\Commands;C:\Program Files (x86)\Pololu\Simple Motor Controller G2\bin;C:\Program Files\Java\jdk-19.0.1\bin;C:\Program Files\National Instruments\Shared\OpenVINO\;C:\Program Files (x86)\NVIDIA Corporation\PhysX\Common;C:\Program Files\Python39\Scripts\;C:\Program Files\Python39\;C:\ProgramData\Oracle\Java\javapath;C:\Program Files (x86)\Common Files\Oracle\Java\javapath;C:\WINDOWS\system32;C:\WINDOWS;C:\WINDOWS\System32\Wbem;C:\WINDOWS\System32\WindowsPowerShell\v1.0\;C:\WINDOWS\System32\OpenSSH\;C:\Program Files\Microsoft VS Code\bin;C:\MATLAB\R2022B\runtime\win64;C:\MATLAB\R2022B\bin;C:\Program Files\Python39\Scripts;C:\Program Files\Microsoft SQL Server\Client SDK\ODBC\110\Tools\Binn\;C:\Program Files (x86)\Microsoft SQL Server\120\Tools\Binn\;C:\Program Files\Microsoft SQL Server\120\Tools\Binn\;C:\Program Files\Microsoft SQL Server\120\DTS\Binn\;C:\Program Files (x86)\Windows Kits\8.1\Windows Performance Toolki;C:\Program Files\swipl\bin\;C:\Program Files\Microsoft SQL Server\130\Tools\Binn\;C:\Program Files\Microchip\xc8\v2.36\bin;C:\MATLAB\R2018b\runtime\win64;C:\MATLAB\R2018b\bin;C:\Program Files\Common Files\Quanser\hardware\;C:\Program Files (x86)\Common Files\Quanser\hardware\;C:\Program Files\Quanser\QUARC\;C:\ORCAD\ORCAD_16.6_LITE\tools\bin;C:\ORCAD\ORCAD_16.6_LITE\tools\specctra\bin;C:\ORCAD\ORCAD_16.6_LITE\tools\PSpice;C:\ORCAD\ORCAD_16.6_LITE\tools\Capture;C:\ORCAD\ORCAD_16.6_LITE\tools\fet\bin;C:\ORCAD\ORCAD_16.6_LITE\tools\pcb\bin;C:\ORCAD\ORCAD_16.6_LITE\OpenAccess\bin\win32\opt;C:\Program Files (x86)\Common Files\Intel\Shared Libraries\redist\intel64_win\compiler\;C:\Program Files (x86)\Common Files\Intel\Shared Libraries\redist\ia32_win\compiler\;C:\Program Files (x86)\Common Files\AspenTech Shared\;C:\Program Files (x86)\AspenTech\Aspen OptiPlant V12.1\Bin;C:\build\17.0\arm\sysroots\i686-nilrtsdk-mingw32\usr\libexec\arm-nilrt-linux-gnueabi\gcc\arm-nilrt-linux-gnueabi\4.9.2;C:\build\17.0\x64\sysroots\i686-nilrtsdk-mingw32\usr\libexec\x86_64-nilrt-linux\gcc\x86_64-nilrt-linux\4.9.2;C:\Program Files\bladeRF\x64;C:\QUARC\;C:\Program Files\Azure Data Studio\bin;C:\Program Files\dotnet\;C:\Program Files\Wolfram Research\WolframScript\;C:\Program Files\Common Files\Autodesk Shared\;C:\Users\yinghuaf\AppData\Local\Microsoft\WindowsApps;
USERNAME=yinghuaf
OS=Windows_NT
PROCESSOR_IDENTIFIER=Intel64 Family 6 Model 167 Stepping 1, GenuineIntel
TMP=C:\Users\yinghuaf\AppData\Local\Temp
TEMP=C:\Users\yinghuaf\AppData\Local\Temp




---------------  S Y S T E M  ---------------

OS:
 Windows 10 , 64 bit Build 19041 (10.0.19041.3031)
OS uptime: 14 days 19:44 hours

CPU: total 16 (initial active 16) (8 cores per cpu, 2 threads per core) family 6 model 167 stepping 1 microcode 0x56, cx8, cmov, fxsr, ht, mmx, 3dnowpref, sse, sse2, sse3, ssse3, sse4.1, sse4.2, popcnt, lzcnt, tsc, tscinvbit, avx, avx2, aes, erms, clmul, bmi1, bmi2, adx, avx512f, avx512dq, avx512cd, avx512bw, avx512vl, sha, fma, vzeroupper, avx512_vpopcntdq, avx512_vpclmulqdq, avx512_vaes, avx512_vnni, clflush, clflushopt, avx512_vbmi2, avx512_vbmi, rdtscp, rdpid, fsrm, gfni, avx512_bitalg, f16c, pku, avx512_ifma

Memory: 4k page, system-wide physical 16092M (5320M free)
TotalPageFile size 20203M (AvailPageFile size 2671M)
current process WorkingSet (physical memory assigned to process): 134M, peak: 226M
current process commit charge ("private bytes"): 452M, peak: 474M

vm_info: OpenJDK 64-Bit Server VM (20.0.2.1+10-FR) for windows-amd64 JRE (20.0.2.1+10-FR), built on 2023-08-19T09:18:31Z by "Administrator" with unknown MS VC++:1937

END.
